<?xml version="1.0" encoding="UTF-8"?>
<testng-results ignored="0" total="1" passed="1" failed="0" skipped="0">
  <reporter-output>
  </reporter-output>
  <suite started-at="2021-10-11T14:24:51 CEST" name="Default suite" finished-at="2021-10-11T14:25:18 CEST" duration-ms="26533">
    <groups>
    </groups>
    <test started-at="2021-10-11T14:24:51 CEST" name="Default test" finished-at="2021-10-11T14:25:18 CEST" duration-ms="26533">
      <class name="com.amazon.tests.CardDetailsPageTest">
        <test-method is-config="true" signature="setup()[pri:0, instance:com.amazon.tests.CardDetailsPageTest@49c7b90e]" started-at="2021-10-11T14:24:52 CEST" name="setup" finished-at="2021-10-11T14:25:15 CEST" duration-ms="23166" status="PASS">
          <reporter-output>
          </reporter-output>
        </test-method> <!-- setup -->
        <test-method signature="cardDetailsAdd(java.lang.String,java.lang.String,java.lang.String,java.lang.String,java.lang.String,java.lang.String,java.lang.String)[pri:0, instance:com.amazon.tests.CardDetailsPageTest@49c7b90e]" started-at="2021-10-11T14:25:15 CEST" name="cardDetailsAdd" data-provider="getData" finished-at="2021-10-11T14:25:18 CEST" duration-ms="2697" status="PASS">
          <params>
            <param index="0">
              <value>
                <![CDATA[555555555555444]]>
              </value>
            </param>
            <param index="1">
              <value>
                <![CDATA[TestCard]]>
              </value>
            </param>
            <param index="2">
              <value>
                <![CDATA[9]]>
              </value>
            </param>
            <param index="3">
              <value>
                <![CDATA[2030]]>
              </value>
            </param>
            <param index="4">
              <value>
                <![CDATA[123]]>
              </value>
            </param>
            <param index="5">
              <value>
                <![CDATA[There was a problem.]]>
              </value>
            </param>
            <param index="6">
              <value>
                <![CDATA[//div[@class='a-column a-span12']//h4]]>
              </value>
            </param>
          </params>
          <reporter-output>
          </reporter-output>
        </test-method> <!-- cardDetailsAdd -->
      </class> <!-- com.amazon.tests.CardDetailsPageTest -->
    </test> <!-- Default test -->
  </suite> <!-- Default suite -->
</testng-results>
